<?xml version="1.0" encoding="UTF-8"?>
<testsuite xmlns:xsi="http://www.w3.org/2001/XMLSchema-instance" xsi:noNamespaceSchemaLocation="https://maven.apache.org/surefire/maven-surefire-plugin/xsd/surefire-test-report.xsd" name="TestSuite" time="101.254" tests="1" errors="0" skipped="0" failures="1">
  <properties>
[...]
</properties>
  <testcase name="feature" classname="com.amazon.testrunner.TestRunner" time="99.956">
    <failure message="org.openqa.selenium.NoSuchElementException: no such element: Unable to locate element: {&quot;method&quot;:&quot;css selector&quot;,&quot;selector&quot;:&quot;#\/span\[\@id\=\&apos;sc\-subtotal\-label\-activecart\&apos;\]&quot;}&#10;  (Session info: chrome=76.0.3809.132)&#10;For documentation on this error, please visit: http://seleniumhq.org/exceptions/no_such_element.html&#10;Build info: version: &apos;3.5.3&apos;, revision: &apos;a88d25fe6b&apos;, time: &apos;2017-08-29T12:42:44.417Z&apos;&#10;System info: host: &apos;BURANDO-SACHIN&apos;, ip: &apos;192.168.1.8&apos;, os.name: &apos;Windows 10&apos;, os.arch: &apos;amd64&apos;, os.version: &apos;10.0&apos;, java.version: &apos;1.8.0_181&apos;&#10;Driver info: org.openqa.selenium.chrome.ChromeDriver&#10;Capabilities [{networkConnectionEnabled=false, chrome={chromedriverVersion=75.0.3770.90 (a6dcaf7e3ec6f70a194cc25e8149475c6590e025-refs/branch-heads/3770@{#1003}), userDataDir=C:\Users\sachi\AppData\Local\Temp\scoped_dir18256_23599}, timeouts={implicit=0, pageLoad=300000, script=30000}, pageLoadStrategy=normal, unhandledPromptBehavior=dismiss and notify, strictFileInteractability=false, platform=XP, proxy=Proxy(), goog:chromeOptions={debuggerAddress=localhost:63952}, acceptInsecureCerts=false, browserVersion=76.0.3809.132, browserName=chrome, javascriptEnabled=true, platformName=XP, setWindowRect=true}]&#10;Session ID: be34e3457b33bb56743ab8bdc7f252ae&#10;*** Element info: {Using=id, value=/span[@id=&apos;sc-subtotal-label-activecart&apos;]}" type="cucumber.runtime.CucumberException">cucumber.runtime.CucumberException: 
org.openqa.selenium.NoSuchElementException: no such element: Unable to locate element: {"method":"css selector","selector":"#\/span\[\@id\=\'sc\-subtotal\-label\-activecart\'\]"}
  (Session info: chrome=76.0.3809.132)
For documentation on this error, please visit: http://seleniumhq.org/exceptions/no_such_element.html
Build info: version: '3.5.3', revision: 'a88d25fe6b', time: '2017-08-29T12:42:44.417Z'
System info: host: 'BURANDO-SACHIN', ip: '192.168.1.8', os.name: 'Windows 10', os.arch: 'amd64', os.version: '10.0', java.version: '1.8.0_181'
Driver info: org.openqa.selenium.chrome.ChromeDriver
Capabilities [{networkConnectionEnabled=false, chrome={chromedriverVersion=75.0.3770.90 (a6dcaf7e3ec6f70a194cc25e8149475c6590e025-refs/branch-heads/3770@{#1003}), userDataDir=C:\Users\sachi\AppData\Local\Temp\scoped_dir18256_23599}, timeouts={implicit=0, pageLoad=300000, script=30000}, pageLoadStrategy=normal, unhandledPromptBehavior=dismiss and notify, strictFileInteractability=false, platform=XP, proxy=Proxy(), goog:chromeOptions={debuggerAddress=localhost:63952}, acceptInsecureCerts=false, browserVersion=76.0.3809.132, browserName=chrome, javascriptEnabled=true, platformName=XP, setWindowRect=true}]
Session ID: be34e3457b33bb56743ab8bdc7f252ae
*** Element info: {Using=id, value=/span[@id='sc-subtotal-label-activecart']}
	at com.amazon.testrunner.TestRunner.feature(TestRunner.java:34)
Caused by: org.openqa.selenium.NoSuchElementException: 
no such element: Unable to locate element: {"method":"css selector","selector":"#\/span\[\@id\=\'sc\-subtotal\-label\-activecart\'\]"}
  (Session info: chrome=76.0.3809.132)
For documentation on this error, please visit: http://seleniumhq.org/exceptions/no_such_element.html
Build info: version: '3.5.3', revision: 'a88d25fe6b', time: '2017-08-29T12:42:44.417Z'
System info: host: 'BURANDO-SACHIN', ip: '192.168.1.8', os.name: 'Windows 10', os.arch: 'amd64', os.version: '10.0', java.version: '1.8.0_181'
Driver info: org.openqa.selenium.chrome.ChromeDriver
Capabilities [{networkConnectionEnabled=false, chrome={chromedriverVersion=75.0.3770.90 (a6dcaf7e3ec6f70a194cc25e8149475c6590e025-refs/branch-heads/3770@{#1003}), userDataDir=C:\Users\sachi\AppData\Local\Temp\scoped_dir18256_23599}, timeouts={implicit=0, pageLoad=300000, script=30000}, pageLoadStrategy=normal, unhandledPromptBehavior=dismiss and notify, strictFileInteractability=false, platform=XP, proxy=Proxy(), goog:chromeOptions={debuggerAddress=localhost:63952}, acceptInsecureCerts=false, browserVersion=76.0.3809.132, browserName=chrome, javascriptEnabled=true, platformName=XP, setWindowRect=true}]
Session ID: be34e3457b33bb56743ab8bdc7f252ae
*** Element info: {Using=id, value=/span[@id='sc-subtotal-label-activecart']}
</failure>
    <system-out><![CDATA[Feature: Amazon Application
Online Shopping site in India: Shop Online for Mobiles, Books, Watches, Shoes and More - Amazon.in

  Background: Login to Amazon Site with a Valid Username and Password # D:/Complete_Project/CucumberFramework/src/main/java/com/amazon/features/feature:3
    Given Open the browser and enter the url                          # StepDefinition.open_the_browser_and_enter_the_url()
    Then Enter the username and click on continue                     # StepDefinition.enter_the_username_and_click_on_continue()
    Then Enter the password and click on login                        # StepDefinition.enter_the_password_and_click_on_login()
    Then Verify User is successfully logged in to amazon site         # StepDefinition.verify_User_is_successfully_logged_in_to_amazon_site()
CDwindow-A14791A494BC00D94BBE7E65D0C7EC63
CDwindow-A14791A494BC00D94BBE7E65D0C7EC63
CDwindow-A14791A494BC00D94BBE7E65D0C7EC63
CDwindow-629B9B46DFE7F35BDC3BFA36F2602A75
Successfully added to cart

  Scenario: Add a Wildcraft bag to the Cart         # D:/Complete_Project/CucumberFramework/src/main/java/com/amazon/features/feature:10
    Given Search for the bag in the search section  # StepDefinition.search_for_the_bag_in_the_search_section()
    Then Click on the Search button                 # StepDefinition.click_on_the_Search_button()
    And Select the Wildcraft Brand                  # StepDefinition.select_the_WildCrat_Brand()
    Then Select the Specific Bag                    # StepDefinition.select_the_Specific_Bag()
    Then Click on Add to Cart link                  # StepDefinition.click_on_Add_to_Cart_link()
    Then Verify bag is Successfully added into cart # StepDefinition.verify_bag_is_Successfully_added_into_cart()
Online Shopping site in India: Shop Online for Mobiles, Books, Watches, Shoes and More - Amazon.in

  Background: Login to Amazon Site with a Valid Username and Password # D:/Complete_Project/CucumberFramework/src/main/java/com/amazon/features/feature:3
    Given Open the browser and enter the url                          # StepDefinition.open_the_browser_and_enter_the_url()
    Then Enter the username and click on continue                     # StepDefinition.enter_the_username_and_click_on_continue()
    Then Enter the password and click on login                        # StepDefinition.enter_the_password_and_click_on_login()
    Then Verify User is successfully logged in to amazon site         # StepDefinition.verify_User_is_successfully_logged_in_to_amazon_site()

  Scenario: Add the the User new Address       # D:/Complete_Project/CucumberFramework/src/main/java/com/amazon/features/feature:19
    Given Click on the Cart link from HomePage # StepDefinition.click_on_the_Cart_link_from_HomePage()
    Then Click on Proceed to Buy Page          # StepDefinition.click_on_Proceed_to_Buy_Page()
    Then Enter the User Information            # StepDefinition.enter_the_User_Information(DataTable)
Online Shopping site in India: Shop Online for Mobiles, Books, Watches, Shoes and More - Amazon.in

  Background: Login to Amazon Site with a Valid Username and Password # D:/Complete_Project/CucumberFramework/src/main/java/com/amazon/features/feature:3
    Given Open the browser and enter the url                          # StepDefinition.open_the_browser_and_enter_the_url()
    Then Enter the username and click on continue                     # StepDefinition.enter_the_username_and_click_on_continue()
    Then Enter the password and click on login                        # StepDefinition.enter_the_password_and_click_on_login()
    Then Verify User is successfully logged in to amazon site         # StepDefinition.verify_User_is_successfully_logged_in_to_amazon_site()

  Scenario: Remove the Bag from the Cart           # D:/Complete_Project/CucumberFramework/src/main/java/com/amazon/features/feature:27
    Given Click on the the cart link from HomePage # StepDefinition.click_on_the_the_cart_link_from_HomePage()
    Then Click on Delete link                      # StepDefinition.click_on_Delete_link()
    Then Verify bag is deleted from the cart       # StepDefinition.verify_bag_is_deleted_from_the_cart()
      org.openqa.selenium.NoSuchElementException: no such element: Unable to locate element: {"method":"css selector","selector":"#\/span\[\@id\=\'sc\-subtotal\-label\-activecart\'\]"}
        (Session info: chrome=76.0.3809.132)
      For documentation on this error, please visit: http://seleniumhq.org/exceptions/no_such_element.html
      Build info: version: '3.5.3', revision: 'a88d25fe6b', time: '2017-08-29T12:42:44.417Z'
      System info: host: 'BURANDO-SACHIN', ip: '192.168.1.8', os.name: 'Windows 10', os.arch: 'amd64', os.version: '10.0', java.version: '1.8.0_181'
      Driver info: org.openqa.selenium.chrome.ChromeDriver
      Capabilities [{networkConnectionEnabled=false, chrome={chromedriverVersion=75.0.3770.90 (a6dcaf7e3ec6f70a194cc25e8149475c6590e025-refs/branch-heads/3770@{#1003}), userDataDir=C:\Users\sachi\AppData\Local\Temp\scoped_dir18256_23599}, timeouts={implicit=0, pageLoad=300000, script=30000}, pageLoadStrategy=normal, unhandledPromptBehavior=dismiss and notify, strictFileInteractability=false, platform=XP, proxy=Proxy(), goog:chromeOptions={debuggerAddress=localhost:63952}, acceptInsecureCerts=false, browserVersion=76.0.3809.132, browserName=chrome, javascriptEnabled=true, platformName=XP, setWindowRect=true}]
      Session ID: be34e3457b33bb56743ab8bdc7f252ae
      *** Element info: {Using=id, value=/span[@id='sc-subtotal-label-activecart']}
      	at sun.reflect.NativeConstructorAccessorImpl.newInstance0(Native Method)
      	at sun.reflect.NativeConstructorAccessorImpl.newInstance(NativeConstructorAccessorImpl.java:62)
      	at sun.reflect.DelegatingConstructorAccessorImpl.newInstance(DelegatingConstructorAccessorImpl.java:45)
      	at java.lang.reflect.Constructor.newInstance(Constructor.java:423)
      	at org.openqa.selenium.remote.http.W3CHttpResponseCodec.createException(W3CHttpResponseCodec.java:185)
      	at org.openqa.selenium.remote.http.W3CHttpResponseCodec.decode(W3CHttpResponseCodec.java:120)
      	at org.openqa.selenium.remote.http.W3CHttpResponseCodec.decode(W3CHttpResponseCodec.java:49)
      	at org.openqa.selenium.remote.HttpCommandExecutor.execute(HttpCommandExecutor.java:164)
      	at org.openqa.selenium.remote.service.DriverCommandExecutor.execute(DriverCommandExecutor.java:82)
      	at org.openqa.selenium.remote.RemoteWebDriver.execute(RemoteWebDriver.java:646)
      	at org.openqa.selenium.remote.RemoteWebDriver.findElement(RemoteWebDriver.java:416)
      	at org.openqa.selenium.remote.RemoteWebDriver.findElementById(RemoteWebDriver.java:462)
      	at org.openqa.selenium.By$ById.findElement(By.java:218)
      	at org.openqa.selenium.remote.RemoteWebDriver.findElement(RemoteWebDriver.java:408)
      	at org.openqa.selenium.support.pagefactory.DefaultElementLocator.findElement(DefaultElementLocator.java:69)
      	at org.openqa.selenium.support.pagefactory.internal.LocatingElementHandler.invoke(LocatingElementHandler.java:38)
      	at com.sun.proxy.$Proxy16.isDisplayed(Unknown Source)
      	at com.amazon.pages.CartPage.Delete_Verification_Feature(CartPage.java:87)
      	at com.amzon.stepdefinition.StepDefinition.verify_bag_is_deleted_from_the_cart(StepDefinition.java:138)
      	at ?.Then Verify bag is deleted from the cart(D:/Complete_Project/CucumberFramework/src/main/java/com/amazon/features/feature:31)

]]></system-out>
    <system-err><![CDATA[Starting ChromeDriver 75.0.3770.90 (a6dcaf7e3ec6f70a194cc25e8149475c6590e025-refs/branch-heads/3770@{#1003}) on port 17200
Only local connections are allowed.
Please protect ports used by ChromeDriver and related test frameworks to prevent access by malicious code.
[1567909061.471][WARNING]: This version of ChromeDriver has not been tested with Chrome version 76.
[1567909063.495][WARNING]: Timed out connecting to Chrome, retrying...
Sep 08, 2019 7:47:45 AM org.openqa.selenium.remote.ProtocolHandshake createSession
INFO: Detected dialect: W3C
[1567909067.611][WARNING]: Timed out connecting to Chrome, retrying...
[1567909087.493][WARNING]: Timed out connecting to Chrome, retrying...
Starting ChromeDriver 75.0.3770.90 (a6dcaf7e3ec6f70a194cc25e8149475c6590e025-refs/branch-heads/3770@{#1003}) on port 23111
Only local connections are allowed.
Please protect ports used by ChromeDriver and related test frameworks to prevent access by malicious code.
[1567909095.027][WARNING]: This version of ChromeDriver has not been tested with Chrome version 76.
[1567909097.035][WARNING]: Timed out connecting to Chrome, retrying...
Sep 08, 2019 7:48:19 AM org.openqa.selenium.remote.ProtocolHandshake createSession
INFO: Detected dialect: W3C
[1567909101.143][WARNING]: Timed out connecting to Chrome, retrying...
Starting ChromeDriver 75.0.3770.90 (a6dcaf7e3ec6f70a194cc25e8149475c6590e025-refs/branch-heads/3770@{#1003}) on port 4198
Only local connections are allowed.
Please protect ports used by ChromeDriver and related test frameworks to prevent access by malicious code.
[1567909118.470][WARNING]: This version of ChromeDriver has not been tested with Chrome version 76.
[1567909120.483][WARNING]: Timed out connecting to Chrome, retrying...
Sep 08, 2019 7:48:42 AM org.openqa.selenium.remote.ProtocolHandshake createSession
INFO: Detected dialect: W3C
[1567909124.565][WARNING]: Timed out connecting to Chrome, retrying...
]]></system-err>
  </testcase>
</testsuite>